build/outputs/logs/manifest-merger-debug-report.txt
-- Merging decision tree log ---
manifest
ADDED from doc-apk-client\client\AndroidManifest.xml:2:1-439:12
	package
		ADDED from doc-apk-client\client\AndroidManifest.xml:4:5-26
		INJECTED from doc-apk-client\client\AndroidManifest.xml
		INJECTED from doc-apk-client\client\AndroidManifest.xml
	android:versionName
		ADDED from doc-apk-client\client\AndroidManifest.xml:6:5-32
		INJECTED from doc-apk-client\client\AndroidManifest.xml
		INJECTED from doc-apk-client\client\AndroidManifest.xml
	xmlns:tools
		ADDED from doc-apk-client\client\AndroidManifest.xml:3:5-51
	android:versionCode
		ADDED from doc-apk-client\client\AndroidManifest.xml:5:5-35
		INJECTED from doc-apk-client\client\AndroidManifest.xml
		INJECTED from doc-apk-client\client\AndroidManifest.xml
	xmlns:android
		ADDED from doc-apk-client\client\AndroidManifest.xml:2:11-69
uses-sdk
ADDED from doc-apk-client\client\AndroidManifest.xml:8:5-10:41
MERGED from [com.android.support:multidex:1.0.1] AndroidManifest.xml:18:5-42
MERGED from [client:EaseUI:unspecified] AndroidManifest.xml:7:5-9:41
MERGED from [com.android.support:appcompat-v7:23.4.0] AndroidManifest.xml:21:5-23:78
MERGED from [com.android.support:animated-vector-drawable:23.4.0] AndroidManifest.xml:5:5-44
MERGED from [com.android.support:support-vector-drawable:23.4.0] AndroidManifest.xml:5:5-43
	tools:overrideLibrary
		ADDED from [com.android.support:appcompat-v7:23.4.0] AndroidManifest.xml:23:9-75
	android:targetSdkVersion
		ADDED from doc-apk-client\client\AndroidManifest.xml:10:9-38
		INJECTED from doc-apk-client\client\AndroidManifest.xml
		INJECTED from doc-apk-client\client\AndroidManifest.xml
	android:minSdkVersion
		ADDED from doc-apk-client\client\AndroidManifest.xml:9:9-35
		INJECTED from doc-apk-client\client\AndroidManifest.xml
		INJECTED from doc-apk-client\client\AndroidManifest.xml
uses-permission#android.permission.VIBRATE
ADDED from doc-apk-client\client\AndroidManifest.xml:12:5-66
	android:name
		ADDED from doc-apk-client\client\AndroidManifest.xml:12:22-63
uses-permission#android.permission.INTERNET
ADDED from doc-apk-client\client\AndroidManifest.xml:13:5-67
	android:name
		ADDED from doc-apk-client\client\AndroidManifest.xml:13:22-64
uses-permission#android.permission.RECORD_AUDIO
ADDED from doc-apk-client\client\AndroidManifest.xml:14:5-71
	android:name
		ADDED from doc-apk-client\client\AndroidManifest.xml:14:22-68
uses-permission#android.permission.CAMERA
ADDED from doc-apk-client\client\AndroidManifest.xml:15:5-65
	android:name
		ADDED from doc-apk-client\client\AndroidManifest.xml:15:22-62
uses-permission#android.permission.ACCESS_NETWORK_STATE
ADDED from doc-apk-client\client\AndroidManifest.xml:16:5-79
	android:name
		ADDED from doc-apk-client\client\AndroidManifest.xml:16:22-76
uses-permission#android.permission.WRITE_EXTERNAL_STORAGE
ADDED from doc-apk-client\client\AndroidManifest.xml:17:5-81
	android:name
		ADDED from doc-apk-client\client\AndroidManifest.xml:17:22-78
uses-permission#android.permission.MOUNT_UNMOUNT_FILESYSTEMS
ADDED from doc-apk-client\client\AndroidManifest.xml:18:5-84
	android:name
		ADDED from doc-apk-client\client\AndroidManifest.xml:18:22-81
uses-permission#android.permission.ACCESS_FINE_LOCATION
ADDED from doc-apk-client\client\AndroidManifest.xml:19:5-79
	android:name
		ADDED from doc-apk-client\client\AndroidManifest.xml:19:22-76
uses-permission#android.permission.GET_TASKS
ADDED from doc-apk-client\client\AndroidManifest.xml:20:5-68
	android:name
		ADDED from doc-apk-client\client\AndroidManifest.xml:20:22-65
uses-permission#android.permission.BLUETOOTH
ADDED from doc-apk-client\client\AndroidManifest.xml:21:5-68
	android:name
		ADDED from doc-apk-client\client\AndroidManifest.xml:21:22-65
uses-permission#android.permission.ACCESS_WIFI_STATE
ADDED from doc-apk-client\client\AndroidManifest.xml:22:5-76
	android:name
		ADDED from doc-apk-client\client\AndroidManifest.xml:22:22-73
uses-permission#android.permission.CHANGE_WIFI_STATE
ADDED from doc-apk-client\client\AndroidManifest.xml:23:5-76
	android:name
		ADDED from doc-apk-client\client\AndroidManifest.xml:23:22-73
uses-permission#android.permission.WAKE_LOCK
ADDED from doc-apk-client\client\AndroidManifest.xml:24:5-68
	android:name
		ADDED from doc-apk-client\client\AndroidManifest.xml:24:22-65
uses-permission#android.permission.MODIFY_AUDIO_SETTINGS
ADDED from doc-apk-client\client\AndroidManifest.xml:25:5-80
	android:name
		ADDED from doc-apk-client\client\AndroidManifest.xml:25:22-77
uses-permission#android.permission.READ_PHONE_STATE
ADDED from doc-apk-client\client\AndroidManifest.xml:26:5-75
	android:name
		ADDED from doc-apk-client\client\AndroidManifest.xml:26:22-72
uses-permission#android.permission.RECEIVE_BOOT_COMPLETED
ADDED from doc-apk-client\client\AndroidManifest.xml:27:5-81
	android:name
		ADDED from doc-apk-client\client\AndroidManifest.xml:27:22-78
uses-permission#android.permission.USE_CREDENTIALS
ADDED from doc-apk-client\client\AndroidManifest.xml:28:5-74
	android:name
		ADDED from doc-apk-client\client\AndroidManifest.xml:28:22-71
uses-permission#com.android.launcher.permission.READ_SETTINGS
ADDED from doc-apk-client\client\AndroidManifest.xml:29:5-85
	android:name
		ADDED from doc-apk-client\client\AndroidManifest.xml:29:22-82
uses-permission#android.permission.BROADCAST_STICKY
ADDED from doc-apk-client\client\AndroidManifest.xml:30:5-75
	android:name
		ADDED from doc-apk-client\client\AndroidManifest.xml:30:22-72
uses-permission#android.permission.WRITE_SETTINGS
ADDED from doc-apk-client\client\AndroidManifest.xml:31:5-73
	android:name
		ADDED from doc-apk-client\client\AndroidManifest.xml:31:22-70
uses-permission#android.permission.REQUEST_IGNORE_BATTERY_OPTIMIZATIONS
ADDED from doc-apk-client\client\AndroidManifest.xml:32:5-95
	android:name
		ADDED from doc-apk-client\client\AndroidManifest.xml:32:22-92
uses-permission#android.permission.SYSTEM_ALERT_WINDOW
ADDED from doc-apk-client\client\AndroidManifest.xml:33:5-78
	android:name
		ADDED from doc-apk-client\client\AndroidManifest.xml:33:22-75
uses-permission#com.google.android.c2dm.permission.RECEIVE
ADDED from doc-apk-client\client\AndroidManifest.xml:35:5-82
	android:name
		ADDED from doc-apk-client\client\AndroidManifest.xml:35:22-79
permission#com.hyphenate.chatuidemo.permission.C2D_MESSAGE
ADDED from doc-apk-client\client\AndroidManifest.xml:37:5-39:47
	android:protectionLevel
		ADDED from doc-apk-client\client\AndroidManifest.xml:39:9-44
	android:name
		ADDED from doc-apk-client\client\AndroidManifest.xml:38:9-71
uses-permission#com.hyphenate.chatuidemo.permission.C2D_MESSAGE
ADDED from doc-apk-client\client\AndroidManifest.xml:41:5-87
	android:name
		ADDED from doc-apk-client\client\AndroidManifest.xml:41:22-84
permission#com.hyphenate.chatuidemo.permission.MIPUSH_RECEIVE
ADDED from doc-apk-client\client\AndroidManifest.xml:43:5-45:47
	android:protectionLevel
		ADDED from doc-apk-client\client\AndroidManifest.xml:45:9-44
	android:name
		ADDED from doc-apk-client\client\AndroidManifest.xml:44:9-74
uses-permission#com.hyphenate.chatuidemo.permission.MIPUSH_RECEIVE
ADDED from doc-apk-client\client\AndroidManifest.xml:47:5-90
	android:name
		ADDED from doc-apk-client\client\AndroidManifest.xml:47:22-87
android:uses-permission#android.permission.READ_EXTERNAL_STORAGE
ADDED from doc-apk-client\client\AndroidManifest.xml:49:5-88
	android:name
		ADDED from doc-apk-client\client\AndroidManifest.xml:49:30-85
application
ADDED from doc-apk-client\client\AndroidManifest.xml:51:5-437:19
MERGED from [com.android.support:appcompat-v7:23.4.0] AndroidManifest.xml:25:5-20
MERGED from [com.android.support:animated-vector-drawable:23.4.0] AndroidManifest.xml:7:5-20
MERGED from [com.android.support:support-vector-drawable:23.4.0] AndroidManifest.xml:7:5-20
	android:label
		ADDED from doc-apk-client\client\AndroidManifest.xml:55:9-41
	android:allowBackup
		ADDED from doc-apk-client\client\AndroidManifest.xml:53:9-35
	android:icon
		ADDED from doc-apk-client\client\AndroidManifest.xml:54:9-45
	android:name
		ADDED from doc-apk-client\client\AndroidManifest.xml:52:9-50
activity#com.cbk.ask.ui.MainActivity
ADDED from doc-apk-client\client\AndroidManifest.xml:58:9-63:64
	android:screenOrientation
		ADDED from doc-apk-client\client\AndroidManifest.xml:61:13-49
	android:launchMode
		ADDED from doc-apk-client\client\AndroidManifest.xml:60:13-44
	android:windowSoftInputMode
		ADDED from doc-apk-client\client\AndroidManifest.xml:63:13-52
	android:theme
		ADDED from doc-apk-client\client\AndroidManifest.xml:62:13-52
	android:name
		ADDED from doc-apk-client\client\AndroidManifest.xml:59:13-44
activity#com.cbk.ask.ui.SplashActivity
ADDED from doc-apk-client\client\AndroidManifest.xml:66:9-75:20
	android:screenOrientation
		ADDED from doc-apk-client\client\AndroidManifest.xml:68:13-49
	android:theme
		ADDED from doc-apk-client\client\AndroidManifest.xml:69:13-52
	android:name
		ADDED from doc-apk-client\client\AndroidManifest.xml:67:13-46
intent-filter#android.intent.action.MAIN+android.intent.category.LAUNCHER
ADDED from doc-apk-client\client\AndroidManifest.xml:70:13-74:29
action#android.intent.action.MAIN
ADDED from doc-apk-client\client\AndroidManifest.xml:71:17-69
	android:name
		ADDED from doc-apk-client\client\AndroidManifest.xml:71:25-66
category#android.intent.category.LAUNCHER
ADDED from doc-apk-client\client\AndroidManifest.xml:73:17-77
	android:name
		ADDED from doc-apk-client\client\AndroidManifest.xml:73:27-74
activity#com.cbk.ask.ui.WebViewActivity
ADDED from doc-apk-client\client\AndroidManifest.xml:78:3-88:14
	android:screenOrientation
		ADDED from doc-apk-client\client\AndroidManifest.xml:80:13-49
	android:theme
		ADDED from doc-apk-client\client\AndroidManifest.xml:81:13-52
	android:name
		ADDED from doc-apk-client\client\AndroidManifest.xml:79:13-47
intent-filter#android.hardware.usb.action.USB_DEVICE_ATTACHED
ADDED from doc-apk-client\client\AndroidManifest.xml:82:9-84:29
action#android.hardware.usb.action.USB_DEVICE_ATTACHED
ADDED from doc-apk-client\client\AndroidManifest.xml:83:17-90
	android:name
		ADDED from doc-apk-client\client\AndroidManifest.xml:83:25-87
meta-data#android.hardware.usb.action.USB_DEVICE_ATTACHED
ADDED from doc-apk-client\client\AndroidManifest.xml:85:13-87:57
	android:resource
		ADDED from doc-apk-client\client\AndroidManifest.xml:87:17-54
	android:name
		ADDED from doc-apk-client\client\AndroidManifest.xml:86:17-79
activity#com.cbk.ask.ui.LoginActivity
ADDED from doc-apk-client\client\AndroidManifest.xml:90:9-94:80
	android:screenOrientation
		ADDED from doc-apk-client\client\AndroidManifest.xml:92:13-49
	android:windowSoftInputMode
		ADDED from doc-apk-client\client\AndroidManifest.xml:94:13-68
	android:theme
		ADDED from doc-apk-client\client\AndroidManifest.xml:93:13-52
	android:name
		ADDED from doc-apk-client\client\AndroidManifest.xml:91:13-45
activity#com.cbk.ask.ui.RegisterActivity
ADDED from doc-apk-client\client\AndroidManifest.xml:98:9-102:80
	android:screenOrientation
		ADDED from doc-apk-client\client\AndroidManifest.xml:100:13-49
	android:windowSoftInputMode
		ADDED from doc-apk-client\client\AndroidManifest.xml:102:13-68
	android:theme
		ADDED from doc-apk-client\client\AndroidManifest.xml:101:13-52
	android:name
		ADDED from doc-apk-client\client\AndroidManifest.xml:99:13-48
activity#com.cbk.ask.ui.ChatActivity
ADDED from doc-apk-client\client\AndroidManifest.xml:104:9-109:67
	android:screenOrientation
		ADDED from doc-apk-client\client\AndroidManifest.xml:107:13-49
	android:launchMode
		ADDED from doc-apk-client\client\AndroidManifest.xml:106:13-44
	android:windowSoftInputMode
		ADDED from doc-apk-client\client\AndroidManifest.xml:109:13-55
	android:theme
		ADDED from doc-apk-client\client\AndroidManifest.xml:108:13-52
	android:name
		ADDED from doc-apk-client\client\AndroidManifest.xml:105:13-44
activity#com.cbk.ask.ui.AddContactActivity
ADDED from doc-apk-client\client\AndroidManifest.xml:111:9-115:67
	android:screenOrientation
		ADDED from doc-apk-client\client\AndroidManifest.xml:113:13-49
	android:windowSoftInputMode
		ADDED from doc-apk-client\client\AndroidManifest.xml:115:13-55
	android:theme
		ADDED from doc-apk-client\client\AndroidManifest.xml:114:13-52
	android:name
		ADDED from doc-apk-client\client\AndroidManifest.xml:112:13-50
activity#com.cbk.ask.ui.GroupDetailsActivity
ADDED from doc-apk-client\client\AndroidManifest.xml:117:9-120:64
	android:screenOrientation
		ADDED from doc-apk-client\client\AndroidManifest.xml:119:13-49
	android:theme
		ADDED from doc-apk-client\client\AndroidManifest.xml:120:13-52
	android:name
		ADDED from doc-apk-client\client\AndroidManifest.xml:118:13-52
activity#com.cbk.ask.ui.GroupsActivity
ADDED from doc-apk-client\client\AndroidManifest.xml:122:9-126:64
	android:screenOrientation
		ADDED from doc-apk-client\client\AndroidManifest.xml:124:13-49
	android:windowSoftInputMode
		ADDED from doc-apk-client\client\AndroidManifest.xml:126:13-52
	android:theme
		ADDED from doc-apk-client\client\AndroidManifest.xml:125:13-52
	android:name
		ADDED from doc-apk-client\client\AndroidManifest.xml:123:13-46
activity#com.cbk.ask.ui.ChatRoomDetailsActivity
ADDED from doc-apk-client\client\AndroidManifest.xml:129:9-132:64
	android:screenOrientation
		ADDED from doc-apk-client\client\AndroidManifest.xml:131:13-49
	android:theme
		ADDED from doc-apk-client\client\AndroidManifest.xml:132:13-52
	android:name
		ADDED from doc-apk-client\client\AndroidManifest.xml:130:13-55
activity#com.cbk.ask.ui.NewGroupActivity
ADDED from doc-apk-client\client\AndroidManifest.xml:135:9-139:64
	android:screenOrientation
		ADDED from doc-apk-client\client\AndroidManifest.xml:137:13-49
	android:windowSoftInputMode
		ADDED from doc-apk-client\client\AndroidManifest.xml:139:13-52
	android:theme
		ADDED from doc-apk-client\client\AndroidManifest.xml:138:13-52
	android:name
		ADDED from doc-apk-client\client\AndroidManifest.xml:136:13-48
activity#com.cbk.ask.ui.ExitGroupDialog
ADDED from doc-apk-client\client\AndroidManifest.xml:141:9-144:67
	android:screenOrientation
		ADDED from doc-apk-client\client\AndroidManifest.xml:143:13-49
	android:theme
		ADDED from doc-apk-client\client\AndroidManifest.xml:144:13-55
	android:name
		ADDED from doc-apk-client\client\AndroidManifest.xml:142:13-47
activity#com.cbk.ask.ui.GroupPickContactsActivity
ADDED from doc-apk-client\client\AndroidManifest.xml:146:9-150:64
	android:screenOrientation
		ADDED from doc-apk-client\client\AndroidManifest.xml:148:13-49
	android:windowSoftInputMode
		ADDED from doc-apk-client\client\AndroidManifest.xml:150:13-52
	android:theme
		ADDED from doc-apk-client\client\AndroidManifest.xml:149:13-52
	android:name
		ADDED from doc-apk-client\client\AndroidManifest.xml:147:13-57
activity#com.cbk.ask.ui.PickAtUserActivity
ADDED from doc-apk-client\client\AndroidManifest.xml:151:9-154:55
	android:screenOrientation
		ADDED from doc-apk-client\client\AndroidManifest.xml:153:13-49
	android:theme
		ADDED from doc-apk-client\client\AndroidManifest.xml:154:13-52
	android:name
		ADDED from doc-apk-client\client\AndroidManifest.xml:152:13-50
activity#com.hyphenate.easeui.ui.EaseBaiduMapActivity
ADDED from doc-apk-client\client\AndroidManifest.xml:156:9-159:64
	android:screenOrientation
		ADDED from doc-apk-client\client\AndroidManifest.xml:158:13-49
	android:theme
		ADDED from doc-apk-client\client\AndroidManifest.xml:159:13-52
	android:name
		ADDED from doc-apk-client\client\AndroidManifest.xml:157:13-72
activity#com.cbk.ask.ui.NewFriendsMsgActivity
ADDED from doc-apk-client\client\AndroidManifest.xml:162:9-165:64
	android:screenOrientation
		ADDED from doc-apk-client\client\AndroidManifest.xml:164:13-49
	android:theme
		ADDED from doc-apk-client\client\AndroidManifest.xml:165:13-52
	android:name
		ADDED from doc-apk-client\client\AndroidManifest.xml:163:13-53
activity#com.cbk.ask.ui.ForwardMessageActivity
ADDED from doc-apk-client\client\AndroidManifest.xml:167:9-171:64
	android:screenOrientation
		ADDED from doc-apk-client\client\AndroidManifest.xml:169:13-49
	android:windowSoftInputMode
		ADDED from doc-apk-client\client\AndroidManifest.xml:171:13-52
	android:theme
		ADDED from doc-apk-client\client\AndroidManifest.xml:170:13-52
	android:name
		ADDED from doc-apk-client\client\AndroidManifest.xml:168:13-54
activity#com.cbk.ask.ui.ContextMenuActivity
ADDED from doc-apk-client\client\AndroidManifest.xml:173:9-176:61
	android:screenOrientation
		ADDED from doc-apk-client\client\AndroidManifest.xml:175:13-49
	android:theme
		ADDED from doc-apk-client\client\AndroidManifest.xml:176:13-49
	android:name
		ADDED from doc-apk-client\client\AndroidManifest.xml:174:13-51
activity#com.hyphenate.easeui.ui.EaseShowBigImageActivity
ADDED from doc-apk-client\client\AndroidManifest.xml:178:9-181:64
	android:screenOrientation
		ADDED from doc-apk-client\client\AndroidManifest.xml:180:13-49
	android:theme
		ADDED from doc-apk-client\client\AndroidManifest.xml:181:13-52
	android:name
		ADDED from doc-apk-client\client\AndroidManifest.xml:179:13-76
activity#com.hyphenate.easeui.ui.EaseShowNormalFileActivity
ADDED from doc-apk-client\client\AndroidManifest.xml:183:9-186:64
	android:screenOrientation
		ADDED from doc-apk-client\client\AndroidManifest.xml:185:13-49
	android:theme
		ADDED from doc-apk-client\client\AndroidManifest.xml:186:13-52
	android:name
		ADDED from doc-apk-client\client\AndroidManifest.xml:184:13-78
activity#com.cbk.ask.ui.BlacklistActivity
ADDED from doc-apk-client\client\AndroidManifest.xml:188:9-191:64
	android:screenOrientation
		ADDED from doc-apk-client\client\AndroidManifest.xml:190:13-49
	android:theme
		ADDED from doc-apk-client\client\AndroidManifest.xml:191:13-52
	android:name
		ADDED from doc-apk-client\client\AndroidManifest.xml:189:13-49
activity#com.cbk.ask.ui.PublicGroupsActivity
ADDED from doc-apk-client\client\AndroidManifest.xml:194:9-198:64
	android:screenOrientation
		ADDED from doc-apk-client\client\AndroidManifest.xml:196:13-49
	android:windowSoftInputMode
		ADDED from doc-apk-client\client\AndroidManifest.xml:198:13-52
	android:theme
		ADDED from doc-apk-client\client\AndroidManifest.xml:197:13-52
	android:name
		ADDED from doc-apk-client\client\AndroidManifest.xml:195:13-52
activity#com.cbk.ask.ui.PublicChatRoomsActivity
ADDED from doc-apk-client\client\AndroidManifest.xml:199:9-203:64
	android:screenOrientation
		ADDED from doc-apk-client\client\AndroidManifest.xml:201:13-49
	android:windowSoftInputMode
		ADDED from doc-apk-client\client\AndroidManifest.xml:203:13-52
	android:theme
		ADDED from doc-apk-client\client\AndroidManifest.xml:202:13-52
	android:name
		ADDED from doc-apk-client\client\AndroidManifest.xml:200:13-55
activity#com.cbk.ask.ui.VoiceCallActivity
ADDED from doc-apk-client\client\AndroidManifest.xml:206:9-210:60
	android:screenOrientation
		ADDED from doc-apk-client\client\AndroidManifest.xml:209:13-49
	android:launchMode
		ADDED from doc-apk-client\client\AndroidManifest.xml:208:13-44
	android:theme
		ADDED from doc-apk-client\client\AndroidManifest.xml:210:13-48
	android:name
		ADDED from doc-apk-client\client\AndroidManifest.xml:207:13-49
activity#com.cbk.ask.ui.VideoCallActivity
ADDED from doc-apk-client\client\AndroidManifest.xml:212:9-217:64
	android:screenOrientation
		ADDED from doc-apk-client\client\AndroidManifest.xml:216:13-49
	android:launchMode
		ADDED from doc-apk-client\client\AndroidManifest.xml:215:13-44
	android:configChanges
		ADDED from doc-apk-client\client\AndroidManifest.xml:214:13-74
	android:theme
		ADDED from doc-apk-client\client\AndroidManifest.xml:217:13-52
	android:name
		ADDED from doc-apk-client\client\AndroidManifest.xml:213:13-49
activity#com.cbk.ask.ui.GroupSimpleDetailActivity
ADDED from doc-apk-client\client\AndroidManifest.xml:219:9-222:64
	android:screenOrientation
		ADDED from doc-apk-client\client\AndroidManifest.xml:221:13-49
	android:theme
		ADDED from doc-apk-client\client\AndroidManifest.xml:222:13-52
	android:name
		ADDED from doc-apk-client\client\AndroidManifest.xml:220:13-57
activity#com.cbk.ask.ui.GroupBlacklistActivity
ADDED from doc-apk-client\client\AndroidManifest.xml:224:9-227:64
	android:screenOrientation
		ADDED from doc-apk-client\client\AndroidManifest.xml:226:13-49
	android:theme
		ADDED from doc-apk-client\client\AndroidManifest.xml:227:13-52
	android:name
		ADDED from doc-apk-client\client\AndroidManifest.xml:225:13-54
activity#com.cbk.ask.ui.GroupSearchMessageActivity
ADDED from doc-apk-client\client\AndroidManifest.xml:228:9-232:58
	android:screenOrientation
		ADDED from doc-apk-client\client\AndroidManifest.xml:230:13-49
	android:windowSoftInputMode
		ADDED from doc-apk-client\client\AndroidManifest.xml:232:13-55
	android:theme
		ADDED from doc-apk-client\client\AndroidManifest.xml:231:13-52
	android:name
		ADDED from doc-apk-client\client\AndroidManifest.xml:229:13-58
activity#com.cbk.ask.ui.PublicGroupsSeachActivity
ADDED from doc-apk-client\client\AndroidManifest.xml:233:9-236:64
	android:screenOrientation
		ADDED from doc-apk-client\client\AndroidManifest.xml:235:13-49
	android:theme
		ADDED from doc-apk-client\client\AndroidManifest.xml:236:13-52
	android:name
		ADDED from doc-apk-client\client\AndroidManifest.xml:234:13-57
activity#com.cbk.ask.ui.EditActivity
ADDED from doc-apk-client\client\AndroidManifest.xml:237:9-241:67
	android:screenOrientation
		ADDED from doc-apk-client\client\AndroidManifest.xml:239:13-49
	android:windowSoftInputMode
		ADDED from doc-apk-client\client\AndroidManifest.xml:241:13-55
	android:theme
		ADDED from doc-apk-client\client\AndroidManifest.xml:240:13-52
	android:name
		ADDED from doc-apk-client\client\AndroidManifest.xml:238:13-44
activity#com.hyphenate.easeui.ui.EaseShowVideoActivity
ADDED from doc-apk-client\client\AndroidManifest.xml:242:9-246:72
	android:screenOrientation
		ADDED from doc-apk-client\client\AndroidManifest.xml:244:13-49
	android:windowSoftInputMode
		ADDED from doc-apk-client\client\AndroidManifest.xml:246:13-60
	android:theme
		ADDED from doc-apk-client\client\AndroidManifest.xml:245:13-52
	android:name
		ADDED from doc-apk-client\client\AndroidManifest.xml:243:13-73
activity#com.cbk.ask.ui.ImageGridActivity
ADDED from doc-apk-client\client\AndroidManifest.xml:248:9-252:72
	android:screenOrientation
		ADDED from doc-apk-client\client\AndroidManifest.xml:250:13-49
	android:windowSoftInputMode
		ADDED from doc-apk-client\client\AndroidManifest.xml:252:13-60
	android:theme
		ADDED from doc-apk-client\client\AndroidManifest.xml:251:13-52
	android:name
		ADDED from doc-apk-client\client\AndroidManifest.xml:249:13-49
activity#com.cbk.ask.ui.RecorderVideoActivity
ADDED from doc-apk-client\client\AndroidManifest.xml:253:9-257:72
	android:screenOrientation
		ADDED from doc-apk-client\client\AndroidManifest.xml:255:13-49
	android:windowSoftInputMode
		ADDED from doc-apk-client\client\AndroidManifest.xml:257:13-60
	android:theme
		ADDED from doc-apk-client\client\AndroidManifest.xml:256:13-52
	android:name
		ADDED from doc-apk-client\client\AndroidManifest.xml:254:13-53
activity#com.cbk.ask.ui.DiagnoseActivity
ADDED from doc-apk-client\client\AndroidManifest.xml:259:9-263:72
	android:screenOrientation
		ADDED from doc-apk-client\client\AndroidManifest.xml:261:13-49
	android:windowSoftInputMode
		ADDED from doc-apk-client\client\AndroidManifest.xml:263:13-60
	android:theme
		ADDED from doc-apk-client\client\AndroidManifest.xml:262:13-52
	android:name
		ADDED from doc-apk-client\client\AndroidManifest.xml:260:13-48
activity#com.cbk.ask.ui.OfflinePushNickActivity
ADDED from doc-apk-client\client\AndroidManifest.xml:266:9-270:72
	android:screenOrientation
		ADDED from doc-apk-client\client\AndroidManifest.xml:268:13-49
	android:windowSoftInputMode
		ADDED from doc-apk-client\client\AndroidManifest.xml:270:13-60
	android:theme
		ADDED from doc-apk-client\client\AndroidManifest.xml:269:13-52
	android:name
		ADDED from doc-apk-client\client\AndroidManifest.xml:267:13-55
activity#com.cbk.ask.ui.RobotsActivity
ADDED from doc-apk-client\client\AndroidManifest.xml:272:9-276:63
	android:screenOrientation
		ADDED from doc-apk-client\client\AndroidManifest.xml:274:13-49
	android:windowSoftInputMode
		ADDED from doc-apk-client\client\AndroidManifest.xml:276:13-60
	android:theme
		ADDED from doc-apk-client\client\AndroidManifest.xml:275:13-52
	android:name
		ADDED from doc-apk-client\client\AndroidManifest.xml:273:13-46
activity#com.cbk.ask.ui.UserProfileActivity
ADDED from doc-apk-client\client\AndroidManifest.xml:278:9-281:55
	android:screenOrientation
		ADDED from doc-apk-client\client\AndroidManifest.xml:280:13-49
	android:theme
		ADDED from doc-apk-client\client\AndroidManifest.xml:281:13-52
	android:name
		ADDED from doc-apk-client\client\AndroidManifest.xml:279:13-51
activity#com.cbk.ask.ui.SetServersActivity
ADDED from doc-apk-client\client\AndroidManifest.xml:283:9-286:15
	android:screenOrientation
		ADDED from doc-apk-client\client\AndroidManifest.xml:284:13-49
	android:theme
		ADDED from doc-apk-client\client\AndroidManifest.xml:285:13-52
	android:name
		ADDED from doc-apk-client\client\AndroidManifest.xml:283:19-56
receiver#com.cbk.ask.receiver.StartServiceReceiver
ADDED from doc-apk-client\client\AndroidManifest.xml:291:9-297:20
	android:name
		ADDED from doc-apk-client\client\AndroidManifest.xml:291:19-64
intent-filter#android.intent.action.BOOT_COMPLETED+android.intent.action.QUICKBOOT_POWERON+android.intent.category.LAUNCHER
ADDED from doc-apk-client\client\AndroidManifest.xml:292:13-296:29
	android:priority
		ADDED from doc-apk-client\client\AndroidManifest.xml:292:28-51
action#android.intent.action.BOOT_COMPLETED
ADDED from doc-apk-client\client\AndroidManifest.xml:293:17-79
	android:name
		ADDED from doc-apk-client\client\AndroidManifest.xml:293:25-76
action#android.intent.action.QUICKBOOT_POWERON
ADDED from doc-apk-client\client\AndroidManifest.xml:294:17-82
	android:name
		ADDED from doc-apk-client\client\AndroidManifest.xml:294:25-79
receiver#com.hyphenate.chat.EMGCMBroadcastReceiver
ADDED from doc-apk-client\client\AndroidManifest.xml:300:9-309:20
	android:exported
		ADDED from doc-apk-client\client\AndroidManifest.xml:302:13-36
	android:permission
		ADDED from doc-apk-client\client\AndroidManifest.xml:303:13-73
	android:name
		ADDED from doc-apk-client\client\AndroidManifest.xml:301:13-69
intent-filter#com.google.android.c2dm.intent.RECEIVE+com.hyphenate.chatuidemo
ADDED from doc-apk-client\client\AndroidManifest.xml:304:13-308:29
action#com.google.android.c2dm.intent.RECEIVE
ADDED from doc-apk-client\client\AndroidManifest.xml:305:17-81
	android:name
		ADDED from doc-apk-client\client\AndroidManifest.xml:305:25-78
category#com.hyphenate.chatuidemo
ADDED from doc-apk-client\client\AndroidManifest.xml:307:17-69
	android:name
		ADDED from doc-apk-client\client\AndroidManifest.xml:307:27-66
service#com.hyphenate.chat.EMGCMListenerService
ADDED from doc-apk-client\client\AndroidManifest.xml:311:9-313:48
	android:exported
		ADDED from doc-apk-client\client\AndroidManifest.xml:313:13-37
	android:name
		ADDED from doc-apk-client\client\AndroidManifest.xml:312:13-67
receiver#com.cbk.ask.receiver.GCMPushBroadCast
ADDED from doc-apk-client\client\AndroidManifest.xml:315:9-323:20
	android:exported
		ADDED from doc-apk-client\client\AndroidManifest.xml:317:13-37
	android:name
		ADDED from doc-apk-client\client\AndroidManifest.xml:316:13-54
intent-filter#com.hyphenate.chatuidemo+com.hyphenate.sdk.push
ADDED from doc-apk-client\client\AndroidManifest.xml:318:13-322:29
action#com.hyphenate.sdk.push
ADDED from doc-apk-client\client\AndroidManifest.xml:319:17-65
	android:name
		ADDED from doc-apk-client\client\AndroidManifest.xml:319:25-62
service#com.xiaomi.mipush.sdk.PushMessageHandler
ADDED from doc-apk-client\client\AndroidManifest.xml:328:9-332:46
	android:enabled
		ADDED from doc-apk-client\client\AndroidManifest.xml:330:13-35
	android:exported
		ADDED from doc-apk-client\client\AndroidManifest.xml:331:13-36
	tools:ignore
		ADDED from doc-apk-client\client\AndroidManifest.xml:332:13-43
	android:name
		ADDED from doc-apk-client\client\AndroidManifest.xml:329:13-68
service#com.xiaomi.mipush.sdk.MessageHandleService
ADDED from doc-apk-client\client\AndroidManifest.xml:333:9-335:38
	android:enabled
		ADDED from doc-apk-client\client\AndroidManifest.xml:335:13-35
	android:name
		ADDED from doc-apk-client\client\AndroidManifest.xml:334:13-70
receiver#com.hyphenate.chat.EMMipushReceiver
ADDED from doc-apk-client\client\AndroidManifest.xml:337:9-350:20
	android:exported
		ADDED from doc-apk-client\client\AndroidManifest.xml:339:13-36
	tools:ignore
		ADDED from doc-apk-client\client\AndroidManifest.xml:340:13-44
	android:name
		ADDED from doc-apk-client\client\AndroidManifest.xml:338:13-63
intent-filter#com.xiaomi.mipush.RECEIVE_MESSAGE
ADDED from doc-apk-client\client\AndroidManifest.xml:341:13-343:29
action#com.xiaomi.mipush.RECEIVE_MESSAGE
ADDED from doc-apk-client\client\AndroidManifest.xml:342:17-76
	android:name
		ADDED from doc-apk-client\client\AndroidManifest.xml:342:25-73
intent-filter#com.xiaomi.mipush.MESSAGE_ARRIVED
ADDED from doc-apk-client\client\AndroidManifest.xml:344:13-346:29
action#com.xiaomi.mipush.MESSAGE_ARRIVED
ADDED from doc-apk-client\client\AndroidManifest.xml:345:17-76
	android:name
		ADDED from doc-apk-client\client\AndroidManifest.xml:345:25-73
intent-filter#com.xiaomi.mipush.ERROR
ADDED from doc-apk-client\client\AndroidManifest.xml:347:13-349:29
action#com.xiaomi.mipush.ERROR
ADDED from doc-apk-client\client\AndroidManifest.xml:348:17-66
	android:name
		ADDED from doc-apk-client\client\AndroidManifest.xml:348:25-63
receiver#com.hyphenate.chat.EMHuaweiPushReceiver
ADDED from doc-apk-client\client\AndroidManifest.xml:355:9-368:20
	android:exported
		ADDED from doc-apk-client\client\AndroidManifest.xml:357:13-36
	android:name
		ADDED from doc-apk-client\client\AndroidManifest.xml:356:13-67